{"D:\\1Work\\Tibbo\\REACT\\my-books-list\\src\\components\\app\\app.js": {"path":"D:\\1Work\\Tibbo\\REACT\\my-books-list\\src\\components\\app\\app.js","statementMap":{"0":{"start":{"line":13,"column":16},"end":{"line":13,"column":38}},"1":{"start":{"line":15,"column":10},"end":{"line":20,"column":3}},"2":{"start":{"line":23,"column":4},"end":{"line":25,"column":7}},"3":{"start":{"line":24,"column":6},"end":{"line":24,"column":30}},"4":{"start":{"line":29,"column":4},"end":{"line":45,"column":5}},"5":{"start":{"line":34,"column":6},"end":{"line":34,"column":19}},"6":{"start":{"line":36,"column":6},"end":{"line":43,"column":9}},"7":{"start":{"line":37,"column":8},"end":{"line":42,"column":10}},"8":{"start":{"line":44,"column":6},"end":{"line":44,"column":19}},"9":{"start":{"line":48,"column":24},"end":{"line":50,"column":3}},"10":{"start":{"line":49,"column":4},"end":{"line":49,"column":33}},"11":{"start":{"line":51,"column":25},"end":{"line":53,"column":3}},"12":{"start":{"line":52,"column":4},"end":{"line":52,"column":34}},"13":{"start":{"line":54,"column":24},"end":{"line":56,"column":3}},"14":{"start":{"line":55,"column":4},"end":{"line":55,"column":33}},"15":{"start":{"line":59,"column":25},"end":{"line":64,"column":5}},"16":{"start":{"line":65,"column":4},"end":{"line":65,"column":46}},"17":{"start":{"line":66,"column":4},"end":{"line":88,"column":6}}},"fnMap":{"0":{"name":"(anonymous_0)","decl":{"start":{"line":22,"column":2},"end":{"line":22,"column":3}},"loc":{"start":{"line":22,"column":22},"end":{"line":26,"column":3}},"line":22},"1":{"name":"(anonymous_1)","decl":{"start":{"line":23,"column":37},"end":{"line":23,"column":38}},"loc":{"start":{"line":23,"column":47},"end":{"line":25,"column":5}},"line":23},"2":{"name":"(anonymous_2)","decl":{"start":{"line":28,"column":2},"end":{"line":28,"column":3}},"loc":{"start":{"line":28,"column":50},"end":{"line":46,"column":3}},"line":28},"3":{"name":"(anonymous_3)","decl":{"start":{"line":36,"column":27},"end":{"line":36,"column":28}},"loc":{"start":{"line":36,"column":37},"end":{"line":43,"column":7}},"line":36},"4":{"name":"(anonymous_4)","decl":{"start":{"line":48,"column":24},"end":{"line":48,"column":25}},"loc":{"start":{"line":48,"column":39},"end":{"line":50,"column":3}},"line":48},"5":{"name":"(anonymous_5)","decl":{"start":{"line":51,"column":25},"end":{"line":51,"column":26}},"loc":{"start":{"line":51,"column":41},"end":{"line":53,"column":3}},"line":51},"6":{"name":"(anonymous_6)","decl":{"start":{"line":54,"column":24},"end":{"line":54,"column":25}},"loc":{"start":{"line":54,"column":39},"end":{"line":56,"column":3}},"line":54},"7":{"name":"(anonymous_7)","decl":{"start":{"line":58,"column":2},"end":{"line":58,"column":3}},"loc":{"start":{"line":58,"column":11},"end":{"line":89,"column":3}},"line":58}},"branchMap":{"0":{"loc":{"start":{"line":29,"column":4},"end":{"line":45,"column":5}},"type":"if","locations":[{"start":{"line":29,"column":4},"end":{"line":45,"column":5}},{"start":{"line":29,"column":4},"end":{"line":45,"column":5}}],"line":29},"1":{"loc":{"start":{"line":30,"column":6},"end":{"line":32,"column":28}},"type":"binary-expr","locations":[{"start":{"line":30,"column":6},"end":{"line":30,"column":28}},{"start":{"line":31,"column":6},"end":{"line":31,"column":29}},{"start":{"line":32,"column":6},"end":{"line":32,"column":28}}],"line":30},"2":{"loc":{"start":{"line":38,"column":10},"end":{"line":41,"column":76}},"type":"binary-expr","locations":[{"start":{"line":38,"column":10},"end":{"line":38,"column":76}},{"start":{"line":39,"column":10},"end":{"line":40,"column":16}},{"start":{"line":41,"column":10},"end":{"line":41,"column":76}}],"line":38}},"s":{"0":2,"1":2,"2":2,"3":0,"4":2,"5":2,"6":0,"7":0,"8":0,"9":2,"10":0,"11":2,"12":0,"13":2,"14":0,"15":2,"16":2,"17":2},"f":{"0":2,"1":0,"2":2,"3":0,"4":0,"5":0,"6":0,"7":2},"b":{"0":[2,0],"1":[2,2,2],"2":[0,0,0]},"_coverageSchema":"1a1c01bbd47fc00a2c39e90264f33305004495a9","hash":"326f9f5d15b8aaef3779442bee5c48ff9f96b733"}
,"D:\\1Work\\Tibbo\\REACT\\my-books-list\\src\\components\\book-list\\book-list.js": {"path":"D:\\1Work\\Tibbo\\REACT\\my-books-list\\src\\components\\book-list\\book-list.js","statementMap":{"0":{"start":{"line":4,"column":17},"end":{"line":16,"column":1}},"1":{"start":{"line":5,"column":2},"end":{"line":15,"column":4}},"2":{"start":{"line":8,"column":8},"end":{"line":12,"column":10}}},"fnMap":{"0":{"name":"(anonymous_0)","decl":{"start":{"line":4,"column":17},"end":{"line":4,"column":18}},"loc":{"start":{"line":4,"column":31},"end":{"line":16,"column":1}},"line":4},"1":{"name":"(anonymous_1)","decl":{"start":{"line":7,"column":16},"end":{"line":7,"column":17}},"loc":{"start":{"line":7,"column":27},"end":{"line":13,"column":7}},"line":7}},"branchMap":{},"s":{"0":2,"1":1,"2":10},"f":{"0":1,"1":10},"b":{},"_coverageSchema":"1a1c01bbd47fc00a2c39e90264f33305004495a9","hash":"cdba6b1b31763f20c12831eb7fab8f462d254500"}
,"D:\\1Work\\Tibbo\\REACT\\my-books-list\\src\\components\\book-list-item\\book-list-item.js": {"path":"D:\\1Work\\Tibbo\\REACT\\my-books-list\\src\\components\\book-list-item\\book-list-item.js","statementMap":{"0":{"start":{"line":4,"column":21},"end":{"line":16,"column":1}},"1":{"start":{"line":5,"column":47},"end":{"line":5,"column":51}},"2":{"start":{"line":6,"column":2},"end":{"line":15,"column":4}}},"fnMap":{"0":{"name":"(anonymous_0)","decl":{"start":{"line":4,"column":21},"end":{"line":4,"column":22}},"loc":{"start":{"line":4,"column":35},"end":{"line":16,"column":1}},"line":4}},"branchMap":{},"s":{"0":3,"1":1,"2":1},"f":{"0":1},"b":{},"_coverageSchema":"1a1c01bbd47fc00a2c39e90264f33305004495a9","hash":"a87cbc6c143af0d30b94ebc734ec8762997ebf21"}
,"D:\\1Work\\Tibbo\\REACT\\my-books-list\\src\\components\\header\\header.js": {"path":"D:\\1Work\\Tibbo\\REACT\\my-books-list\\src\\components\\header\\header.js","statementMap":{"0":{"start":{"line":3,"column":15},"end":{"line":5,"column":3}},"1":{"start":{"line":4,"column":4},"end":{"line":4,"column":52}}},"fnMap":{"0":{"name":"(anonymous_0)","decl":{"start":{"line":3,"column":15},"end":{"line":3,"column":16}},"loc":{"start":{"line":3,"column":21},"end":{"line":5,"column":3}},"line":3}},"branchMap":{},"s":{"0":2,"1":1},"f":{"0":1},"b":{},"_coverageSchema":"1a1c01bbd47fc00a2c39e90264f33305004495a9","hash":"a78ee6ce4d6a22eafaeb488bdd78bbad8bf402da"}
,"D:\\1Work\\Tibbo\\REACT\\my-books-list\\src\\components\\header\\index.js": {"path":"D:\\1Work\\Tibbo\\REACT\\my-books-list\\src\\components\\header\\index.js","statementMap":{},"fnMap":{},"branchMap":{},"s":{},"f":{},"b":{},"_coverageSchema":"1a1c01bbd47fc00a2c39e90264f33305004495a9","hash":"4ddd77e7d58a764aa62e68a971ccdcdd970079af"}
,"D:\\1Work\\Tibbo\\REACT\\my-books-list\\src\\components\\search\\search-author.js": {"path":"D:\\1Work\\Tibbo\\REACT\\my-books-list\\src\\components\\search\\search-author.js","statementMap":{"0":{"start":{"line":4,"column":19},"end":{"line":8,"column":3}},"1":{"start":{"line":5,"column":17},"end":{"line":5,"column":31}},"2":{"start":{"line":6,"column":31},"end":{"line":6,"column":41}},"3":{"start":{"line":7,"column":4},"end":{"line":7,"column":25}},"4":{"start":{"line":11,"column":4},"end":{"line":15,"column":6}}},"fnMap":{"0":{"name":"(anonymous_0)","decl":{"start":{"line":4,"column":19},"end":{"line":4,"column":20}},"loc":{"start":{"line":4,"column":26},"end":{"line":8,"column":3}},"line":4},"1":{"name":"(anonymous_1)","decl":{"start":{"line":10,"column":2},"end":{"line":10,"column":3}},"loc":{"start":{"line":10,"column":11},"end":{"line":16,"column":3}},"line":10}},"branchMap":{},"s":{"0":1,"1":1,"2":1,"3":1,"4":1},"f":{"0":1,"1":1},"b":{},"_coverageSchema":"1a1c01bbd47fc00a2c39e90264f33305004495a9","hash":"f8576bdd0d8fcbcfde57e213db9baa668ae86f9c"}
,"D:\\1Work\\Tibbo\\REACT\\my-books-list\\src\\components\\search\\search-genre.js": {"path":"D:\\1Work\\Tibbo\\REACT\\my-books-list\\src\\components\\search\\search-genre.js","statementMap":{"0":{"start":{"line":4,"column":19},"end":{"line":8,"column":3}},"1":{"start":{"line":5,"column":17},"end":{"line":5,"column":31}},"2":{"start":{"line":6,"column":31},"end":{"line":6,"column":41}},"3":{"start":{"line":7,"column":4},"end":{"line":7,"column":25}},"4":{"start":{"line":11,"column":4},"end":{"line":15,"column":6}}},"fnMap":{"0":{"name":"(anonymous_0)","decl":{"start":{"line":4,"column":19},"end":{"line":4,"column":20}},"loc":{"start":{"line":4,"column":26},"end":{"line":8,"column":3}},"line":4},"1":{"name":"(anonymous_1)","decl":{"start":{"line":10,"column":2},"end":{"line":10,"column":3}},"loc":{"start":{"line":10,"column":11},"end":{"line":16,"column":3}},"line":10}},"branchMap":{},"s":{"0":1,"1":1,"2":1,"3":1,"4":1},"f":{"0":1,"1":1},"b":{},"_coverageSchema":"1a1c01bbd47fc00a2c39e90264f33305004495a9","hash":"80bb4570864ec9ff2417aba46da8281792c7dcbb"}
,"D:\\1Work\\Tibbo\\REACT\\my-books-list\\src\\components\\search\\search-title.js": {"path":"D:\\1Work\\Tibbo\\REACT\\my-books-list\\src\\components\\search\\search-title.js","statementMap":{"0":{"start":{"line":4,"column":19},"end":{"line":8,"column":3}},"1":{"start":{"line":5,"column":17},"end":{"line":5,"column":31}},"2":{"start":{"line":6,"column":31},"end":{"line":6,"column":41}},"3":{"start":{"line":7,"column":4},"end":{"line":7,"column":25}},"4":{"start":{"line":11,"column":4},"end":{"line":15,"column":6}}},"fnMap":{"0":{"name":"(anonymous_0)","decl":{"start":{"line":4,"column":19},"end":{"line":4,"column":20}},"loc":{"start":{"line":4,"column":26},"end":{"line":8,"column":3}},"line":4},"1":{"name":"(anonymous_1)","decl":{"start":{"line":10,"column":2},"end":{"line":10,"column":3}},"loc":{"start":{"line":10,"column":11},"end":{"line":16,"column":3}},"line":10}},"branchMap":{},"s":{"0":1,"1":1,"2":1,"3":1,"4":1},"f":{"0":1,"1":1},"b":{},"_coverageSchema":"1a1c01bbd47fc00a2c39e90264f33305004495a9","hash":"dbe4a401044de23c9b1bcf3e4ecf26e1b59d1da7"}
,"D:\\1Work\\Tibbo\\REACT\\my-books-list\\src\\services\\bookstore-service.js": {"path":"D:\\1Work\\Tibbo\\REACT\\my-books-list\\src\\services\\bookstore-service.js","statementMap":{"0":{"start":{"line":4,"column":16},"end":{"line":6,"column":5}},"1":{"start":{"line":7,"column":4},"end":{"line":9,"column":5}},"2":{"start":{"line":8,"column":6},"end":{"line":8,"column":70}},"3":{"start":{"line":10,"column":4},"end":{"line":10,"column":28}},"4":{"start":{"line":13,"column":4},"end":{"line":23,"column":6}},"5":{"start":{"line":14,"column":6},"end":{"line":22,"column":8}},"6":{"start":{"line":15,"column":8},"end":{"line":21,"column":10}}},"fnMap":{"0":{"name":"(anonymous_0)","decl":{"start":{"line":3,"column":2},"end":{"line":3,"column":3}},"loc":{"start":{"line":3,"column":22},"end":{"line":11,"column":3}},"line":3},"1":{"name":"(anonymous_1)","decl":{"start":{"line":12,"column":2},"end":{"line":12,"column":3}},"loc":{"start":{"line":12,"column":19},"end":{"line":24,"column":3}},"line":12},"2":{"name":"(anonymous_2)","decl":{"start":{"line":13,"column":35},"end":{"line":13,"column":36}},"loc":{"start":{"line":14,"column":6},"end":{"line":22,"column":8}},"line":14},"3":{"name":"(anonymous_3)","decl":{"start":{"line":14,"column":20},"end":{"line":14,"column":21}},"loc":{"start":{"line":14,"column":30},"end":{"line":22,"column":7}},"line":14}},"branchMap":{"0":{"loc":{"start":{"line":7,"column":4},"end":{"line":9,"column":5}},"type":"if","locations":[{"start":{"line":7,"column":4},"end":{"line":9,"column":5}},{"start":{"line":7,"column":4},"end":{"line":9,"column":5}}],"line":7}},"s":{"0":2,"1":0,"2":0,"3":0,"4":2,"5":0,"6":0},"f":{"0":2,"1":2,"2":0,"3":0},"b":{"0":[0,0]},"_coverageSchema":"1a1c01bbd47fc00a2c39e90264f33305004495a9","hash":"3d7f61082334372eee0188dae292a2c0686d89ff"}
,"D:\\1Work\\Tibbo\\REACT\\my-books-list\\src\\services\\dummy-bookstore-service.js": {"path":"D:\\1Work\\Tibbo\\REACT\\my-books-list\\src\\services\\dummy-bookstore-service.js","statementMap":{"0":{"start":{"line":1,"column":13},"end":{"line":78,"column":3}}},"fnMap":{},"branchMap":{},"s":{"0":3},"f":{},"b":{},"_coverageSchema":"1a1c01bbd47fc00a2c39e90264f33305004495a9","hash":"50215070cba41e3523c3cf3f88b13b4764f062f0"}
}
